# JRE version: Java(TM) SE Runtime Environment (8.0_101-b13) (build 1.8.0_101-b13)
# Java VM: Java HotSpot(TM) 64-Bit Server VM (25.101-b13 mixed mode linux-amd64 compressed oops)
Heap:
 PSYoungGen      total 40448K, used 9021K [0x00000000eb800000, 0x00000000eea80000, 0x0000000100000000)
  eden space 29696K, 0% used [0x00000000eb800000,0x00000000eb800000,0x00000000ed500000)
  from space 10752K, 83% used [0x00000000ed500000,0x00000000eddcf530,0x00000000edf80000)
  to   space 11264K, 0% used [0x00000000edf80000,0x00000000edf80000,0x00000000eea80000)
 ParOldGen       total 54784K, used 26871K [0x00000000c2800000, 0x00000000c5d80000, 0x00000000eb800000)
  object space 54784K, 49% used [0x00000000c2800000,0x00000000c423df90,0x00000000c5d80000)
 Metaspace       used 24701K, capacity 25744K, committed 25984K, reserved 1071104K
  class space    used 3415K, capacity 3649K, committed 3712K, reserved 1048576K
GC Heap History (10 events):
Event: 25.622 GC heap after
Heap after GC invocations=3 (full 0):
 PSYoungGen      total 18432K, used 2556K [0x00000000eb800000, 0x00000000ecc80000, 0x0000000100000000)
  eden space 15872K, 0% used [0x00000000eb800000,0x00000000eb800000,0x00000000ec780000)
  from space 2560K, 99% used [0x00000000ec780000,0x00000000ec9ff2c8,0x00000000eca00000)
  to   space 2560K, 0% used [0x00000000eca00000,0x00000000eca00000,0x00000000ecc80000)
 ParOldGen       total 42496K, used 19570K [0x00000000c2800000, 0x00000000c5180000, 0x00000000eb800000)
  object space 42496K, 46% used [0x00000000c2800000,0x00000000c3b1c9b8,0x00000000c5180000)
 Metaspace       used 18710K, capacity 19486K, committed 19584K, reserved 1067008K
  class space    used 2716K, capacity 2884K, committed 2944K, reserved 1048576K
}
Event: 26.079 GC heap before
{Heap before GC invocations=4 (full 0):
 PSYoungGen      total 18432K, used 10381K [0x00000000eb800000, 0x00000000ecc80000, 0x0000000100000000)
  eden space 15872K, 49% used [0x00000000eb800000,0x00000000ebfa4440,0x00000000ec780000)
  from space 2560K, 99% used [0x00000000ec780000,0x00000000ec9ff2c8,0x00000000eca00000)
  to   space 2560K, 0% used [0x00000000eca00000,0x00000000eca00000,0x00000000ecc80000)
 ParOldGen       total 42496K, used 19570K [0x00000000c2800000, 0x00000000c5180000, 0x00000000eb800000)
  object space 42496K, 46% used [0x00000000c2800000,0x00000000c3b1c9b8,0x00000000c5180000)
 Metaspace       used 20396K, capacity 21236K, committed 21296K, reserved 1067008K
  class space    used 2948K, capacity 3145K, committed 3200K, reserved 1048576K
Event: 26.100 GC heap after
Heap after GC invocations=4 (full 0):
 PSYoungGen      total 18432K, used 2547K [0x00000000eb800000, 0x00000000edc00000, 0x0000000100000000)
  eden space 15872K, 0% used [0x00000000eb800000,0x00000000eb800000,0x00000000ec780000)
  from space 2560K, 99% used [0x00000000eca00000,0x00000000ecc7cc38,0x00000000ecc80000)
  to   space 2560K, 0% used [0x00000000ec780000,0x00000000ec780000,0x00000000eca00000)
 ParOldGen       total 42496K, used 24450K [0x00000000c2800000, 0x00000000c5180000, 0x00000000eb800000)
  object space 42496K, 57% used [0x00000000c2800000,0x00000000c3fe0838,0x00000000c5180000)
 Metaspace       used 20396K, capacity 21236K, committed 21296K, reserved 1067008K
  class space    used 2948K, capacity 3145K, committed 3200K, reserved 1048576K
}
Event: 26.100 GC heap before
{Heap before GC invocations=5 (full 1):
 PSYoungGen      total 18432K, used 2547K [0x00000000eb800000, 0x00000000edc00000, 0x0000000100000000)
  eden space 15872K, 0% used [0x00000000eb800000,0x00000000eb800000,0x00000000ec780000)
  from space 2560K, 99% used [0x00000000eca00000,0x00000000ecc7cc38,0x00000000ecc80000)
  to   space 2560K, 0% used [0x00000000ec780000,0x00000000ec780000,0x00000000eca00000)
 ParOldGen       total 42496K, used 24450K [0x00000000c2800000, 0x00000000c5180000, 0x00000000eb800000)
  object space 42496K, 57% used [0x00000000c2800000,0x00000000c3fe0838,0x00000000c5180000)
 Metaspace       used 20396K, capacity 21236K, committed 21296K, reserved 1067008K
  class space    used 2948K, capacity 3145K, committed 3200K, reserved 1048576K
Event: 26.175 GC heap after
Heap after GC invocations=5 (full 1):
 PSYoungGen      total 18432K, used 0K [0x00000000eb800000, 0x00000000edc00000, 0x0000000100000000)
  eden space 15872K, 0% used [0x00000000eb800000,0x00000000eb800000,0x00000000ec780000)
  from space 2560K, 0% used [0x00000000eca00000,0x00000000eca00000,0x00000000ecc80000)
  to   space 2560K, 0% used [0x00000000ec780000,0x00000000ec780000,0x00000000eca00000)
 ParOldGen       total 54784K, used 25924K [0x00000000c2800000, 0x00000000c5d80000, 0x00000000eb800000)
  object space 54784K, 47% used [0x00000000c2800000,0x00000000c41512d8,0x00000000c5d80000)
 Metaspace       used 20396K, capacity 21236K, committed 21296K, reserved 1067008K
  class space    used 2948K, capacity 3145K, committed 3200K, reserved 1048576K
}
Event: 27.759 GC heap before
{Heap before GC invocations=6 (full 1):
 PSYoungGen      total 18432K, used 15872K [0x00000000eb800000, 0x00000000edc00000, 0x0000000100000000)
  eden space 15872K, 100% used [0x00000000eb800000,0x00000000ec780000,0x00000000ec780000)
  from space 2560K, 0% used [0x00000000eca00000,0x00000000eca00000,0x00000000ecc80000)
  to   space 2560K, 0% used [0x00000000ec780000,0x00000000ec780000,0x00000000eca00000)
 ParOldGen       total 54784K, used 25924K [0x00000000c2800000, 0x00000000c5d80000, 0x00000000eb800000)
  object space 54784K, 47% used [0x00000000c2800000,0x00000000c41512d8,0x00000000c5d80000)
 Metaspace       used 23122K, capacity 23976K, committed 24192K, reserved 1071104K
  class space    used 3244K, capacity 3447K, committed 3456K, reserved 1048576K
Event: 27.764 GC heap after
Heap after GC invocations=6 (full 1):
 PSYoungGen      total 18432K, used 2557K [0x00000000eb800000, 0x00000000eea80000, 0x0000000100000000)
  eden space 15872K, 0% used [0x00000000eb800000,0x00000000eb800000,0x00000000ec780000)
  from space 2560K, 99% used [0x00000000ec780000,0x00000000ec9ff5d0,0x00000000eca00000)
  to   space 11264K, 0% used [0x00000000edf80000,0x00000000edf80000,0x00000000eea80000)
 ParOldGen       total 54784K, used 26787K [0x00000000c2800000, 0x00000000c5d80000, 0x00000000eb800000)
  object space 54784K, 48% used [0x00000000c2800000,0x00000000c4228f90,0x00000000c5d80000)
 Metaspace       used 23122K, capacity 23976K, committed 24192K, reserved 1071104K
  class space    used 3244K, capacity 3447K, committed 3456K, reserved 1048576K
}
Event: 28.629 GC heap before
{Heap before GC invocations=7 (full 1):
 PSYoungGen      total 18432K, used 18429K [0x00000000eb800000, 0x00000000eea80000, 0x0000000100000000)
  eden space 15872K, 100% used [0x00000000eb800000,0x00000000ec780000,0x00000000ec780000)
  from space 2560K, 99% used [0x00000000ec780000,0x00000000ec9ff5d0,0x00000000eca00000)
  to   space 11264K, 0% used [0x00000000edf80000,0x00000000edf80000,0x00000000eea80000)
 ParOldGen       total 54784K, used 26853K [0x00000000c2800000, 0x00000000c5d80000, 0x00000000eb800000)
  object space 54784K, 49% used [0x00000000c2800000,0x00000000c4239790,0x00000000c5d80000)
 Metaspace       used 23969K, capacity 24862K, committed 25088K, reserved 1071104K
  class space    used 3339K, capacity 3540K, committed 3584K, reserved 1048576K
Event: 28.670 GC heap after
Heap after GC invocations=7 (full 1):
 PSYoungGen      total 40960K, used 5715K [0x00000000eb800000, 0x00000000eea80000, 0x0000000100000000)
  eden space 29696K, 0% used [0x00000000eb800000,0x00000000eb800000,0x00000000ed500000)
  from space 11264K, 50% used [0x00000000edf80000,0x00000000ee514d68,0x00000000eea80000)
  to   space 10752K, 0% used [0x00000000ed500000,0x00000000ed500000,0x00000000edf80000)
 ParOldGen       total 54784K, used 26861K [0x00000000c2800000, 0x00000000c5d80000, 0x00000000eb800000)
  object space 54784K, 49% used [0x00000000c2800000,0x00000000c423b790,0x00000000c5d80000)
 Metaspace       used 23969K, capacity 24862K, committed 25088K, reserved 1071104K
  class space    used 3339K, capacity 3540K, committed 3584K, reserved 1048576K
}
Event: 285.181 GC heap before
{Heap before GC invocations=8 (full 1):
 PSYoungGen      total 40960K, used 35411K [0x00000000eb800000, 0x00000000eea80000, 0x0000000100000000)
  eden space 29696K, 100% used [0x00000000eb800000,0x00000000ed500000,0x00000000ed500000)
  from space 11264K, 50% used [0x00000000edf80000,0x00000000ee514d68,0x00000000eea80000)
  to   space 10752K, 0% used [0x00000000ed500000,0x00000000ed500000,0x00000000edf80000)
 ParOldGen       total 54784K, used 26863K [0x00000000c2800000, 0x00000000c5d80000, 0x00000000eb800000)
  object space 54784K, 49% used [0x00000000c2800000,0x00000000c423bf90,0x00000000c5d80000)
 Metaspace       used 24701K, capacity 25744K, committed 25984K, reserved 1071104K
  class space    used 3415K, capacity 3649K, committed 3712K, reserved 1048576K

